<?xml version="1.0" encoding="UTF-8"?>
<testng-results ignored="0" total="3" passed="3" failed="0" skipped="0">
  <reporter-output>
  </reporter-output>
  <suite started-at="2022-06-21T22:32:31 AMT" name="All Test Suite" finished-at="2022-06-21T22:32:53 AMT" duration-ms="21516">
    <groups>
    </groups>
    <test started-at="2022-06-21T22:32:31 AMT" name="D:/IntellIJ&amp;selenium/Hibrid_Framework_Course/Selenium_Framework_Maven" finished-at="2022-06-21T22:32:53 AMT" duration-ms="21516">
      <class name="testCases.TC_AddNewCustomer_003">
        <test-method is-config="true" signature="setup(java.lang.String)[pri:0, instance:testCases.TC_AddNewCustomer_003@4c1909a3]" started-at="2022-06-21T22:32:48 AMT" name="setup" finished-at="2022-06-21T22:32:53 AMT" duration-ms="4746" status="PASS">
          <params>
            <param index="0">
              <value>
                <![CDATA[chrome]]>
              </value>
            </param>
          </params>
          <reporter-output>
          </reporter-output>
        </test-method> <!-- setup -->
        <test-method signature="addCustomer()[pri:0, instance:testCases.TC_AddNewCustomer_003@4c1909a3]" started-at="2022-06-21T22:32:53 AMT" name="addCustomer" finished-at="2022-06-21T22:32:53 AMT" duration-ms="1" status="PASS">
          <reporter-output>
          </reporter-output>
        </test-method> <!-- addCustomer -->
        <test-method is-config="true" signature="tearDown()[pri:0, instance:testCases.TC_AddNewCustomer_003@4c1909a3]" started-at="2022-06-21T22:32:53 AMT" name="tearDown" finished-at="2022-06-21T22:32:53 AMT" duration-ms="113" status="PASS">
          <reporter-output>
          </reporter-output>
        </test-method> <!-- tearDown -->
      </class> <!-- testCases.TC_AddNewCustomer_003 -->
      <class name="testCases.TC_LoginDDT_002">
        <test-method is-config="true" signature="setup(java.lang.String)[pri:0, instance:testCases.TC_LoginDDT_002@4b0d79fc]" started-at="2022-06-21T22:32:41 AMT" name="setup" finished-at="2022-06-21T22:32:48 AMT" duration-ms="6621" status="PASS">
          <params>
            <param index="0">
              <value>
                <![CDATA[chrome]]>
              </value>
            </param>
          </params>
          <reporter-output>
          </reporter-output>
        </test-method> <!-- setup -->
        <test-method signature="test()[pri:0, instance:testCases.TC_LoginDDT_002@4b0d79fc]" started-at="2022-06-21T22:32:48 AMT" name="test" finished-at="2022-06-21T22:32:48 AMT" duration-ms="2" status="PASS">
          <reporter-output>
          </reporter-output>
        </test-method> <!-- test -->
        <test-method is-config="true" signature="tearDown()[pri:0, instance:testCases.TC_LoginDDT_002@4b0d79fc]" started-at="2022-06-21T22:32:48 AMT" name="tearDown" finished-at="2022-06-21T22:32:48 AMT" duration-ms="124" status="PASS">
          <reporter-output>
          </reporter-output>
        </test-method> <!-- tearDown -->
      </class> <!-- testCases.TC_LoginDDT_002 -->
      <class name="testCases.TC_LoginTest_001">
        <test-method is-config="true" signature="setup(java.lang.String)[pri:0, instance:testCases.TC_LoginTest_001@26e356f0]" started-at="2022-06-21T22:32:31 AMT" name="setup" finished-at="2022-06-21T22:32:41 AMT" duration-ms="9627" status="PASS">
          <params>
            <param index="0">
              <value>
                <![CDATA[chrome]]>
              </value>
            </param>
          </params>
          <reporter-output>
          </reporter-output>
        </test-method> <!-- setup -->
        <test-method signature="testLogin()[pri:0, instance:testCases.TC_LoginTest_001@26e356f0]" started-at="2022-06-21T22:32:41 AMT" name="testLogin" finished-at="2022-06-21T22:32:41 AMT" duration-ms="16" status="PASS">
          <reporter-output>
          </reporter-output>
        </test-method> <!-- testLogin -->
        <test-method is-config="true" signature="tearDown()[pri:0, instance:testCases.TC_LoginTest_001@26e356f0]" started-at="2022-06-21T22:32:41 AMT" name="tearDown" finished-at="2022-06-21T22:32:41 AMT" duration-ms="116" status="PASS">
          <reporter-output>
          </reporter-output>
        </test-method> <!-- tearDown -->
      </class> <!-- testCases.TC_LoginTest_001 -->
    </test> <!-- D:/IntellIJ&selenium/Hibrid_Framework_Course/Selenium_Framework_Maven -->
  </suite> <!-- All Test Suite -->
</testng-results>
